<?xml version="1.0" encoding="UTF-8"?>
<!-- Generated by org.testng.reporters.JUnitXMLReporter -->
<testsuite ignored="21" hostname="Ning-Laptop" failures="3" tests="3" name="Test" time="0.285" errors="0" timestamp="2023-05-14T17:42:30 EDT">
  <testcase classname="testCases.DropdownTest" name="selectFirst" time="0.118">
    <failure type="java.lang.NullPointerException" message="Cannot invoke &amp;quot;org.openqa.selenium.SearchContext.findElement(org.openqa.selenium.By)&amp;quot; because &amp;quot;this.searchContext&amp;quot; is null">
      <![CDATA[java.lang.NullPointerException: Cannot invoke "org.openqa.selenium.SearchContext.findElement(org.openqa.selenium.By)" because "this.searchContext" is null
at org.openqa.selenium.support.pagefactory.DefaultElementLocator.findElement(DefaultElementLocator.java:70)
at org.openqa.selenium.support.pagefactory.internal.LocatingElementHandler.invoke(LocatingElementHandler.java:39)
at jdk.proxy2/jdk.proxy2.$Proxy11.click(Unknown Source)
at pageObjectModel.HomePage.clickDropDown(HomePage.java:90)
at testCases.DropdownTest.selectFirst(DropdownTest.java:14)
at java.base/java.util.ArrayList.forEach(ArrayList.java:1511)
... Removed 27 stack frames]]>
    </failure>
  </testcase> <!-- selectFirst -->
  <testcase classname="testCases.DropdownTest" name="selectSecond" time="0.004">
    <failure type="java.lang.NullPointerException" message="Cannot invoke &amp;quot;org.openqa.selenium.SearchContext.findElement(org.openqa.selenium.By)&amp;quot; because &amp;quot;this.searchContext&amp;quot; is null">
      <![CDATA[java.lang.NullPointerException: Cannot invoke "org.openqa.selenium.SearchContext.findElement(org.openqa.selenium.By)" because "this.searchContext" is null
at org.openqa.selenium.support.pagefactory.DefaultElementLocator.findElement(DefaultElementLocator.java:70)
at org.openqa.selenium.support.pagefactory.internal.LocatingElementHandler.invoke(LocatingElementHandler.java:39)
at jdk.proxy2/jdk.proxy2.$Proxy11.click(Unknown Source)
at pageObjectModel.HomePage.clickDropDown(HomePage.java:90)
at testCases.DropdownTest.selectSecond(DropdownTest.java:22)
at java.base/java.util.ArrayList.forEach(ArrayList.java:1511)
... Removed 27 stack frames]]>
    </failure>
  </testcase> <!-- selectSecond -->
  <testcase classname="testCases.ContextMenuTest" name="contextClick" time="0.003">
    <failure type="java.lang.NullPointerException" message="Cannot invoke &amp;quot;org.openqa.selenium.SearchContext.findElement(org.openqa.selenium.By)&amp;quot; because &amp;quot;this.searchContext&amp;quot; is null">
      <![CDATA[java.lang.NullPointerException: Cannot invoke "org.openqa.selenium.SearchContext.findElement(org.openqa.selenium.By)" because "this.searchContext" is null
at org.openqa.selenium.support.pagefactory.DefaultElementLocator.findElement(DefaultElementLocator.java:70)
at org.openqa.selenium.support.pagefactory.internal.LocatingElementHandler.invoke(LocatingElementHandler.java:39)
at jdk.proxy2/jdk.proxy2.$Proxy11.click(Unknown Source)
at pageObjectModel.HomePage.clickContextMenu(HomePage.java:80)
at testCases.ContextMenuTest.contextClick(ContextMenuTest.java:13)
at java.base/java.util.ArrayList.forEach(ArrayList.java:1511)
... Removed 27 stack frames]]>
    </failure>
  </testcase> <!-- contextClick -->
  <testcase classname="testCases.DynamicControlsTest" name="removeAddButtons" time="0.0">
    <ignored/>
  </testcase> <!-- removeAddButtons -->
  <testcase classname="testCases.DynamicControlsTest" name="enableThenDisable" time="0.0">
    <ignored/>
  </testcase> <!-- enableThenDisable -->
  <testcase classname="testCases.MouseHoverTest" name="mouseHover3" time="0.0">
    <ignored/>
  </testcase> <!-- mouseHover3 -->
  <testcase classname="testCases.JavaScriptErrorTest" name="jsError" time="0.0">
    <ignored/>
  </testcase> <!-- jsError -->
  <testcase classname="testCases.MouseHoverTest" name="mouseHover2" time="0.0">
    <ignored/>
  </testcase> <!-- mouseHover2 -->
  <testcase classname="testCases.DynamicContentTest" name="dynamicContent" time="0.0">
    <ignored/>
  </testcase> <!-- dynamicContent -->
  <testcase classname="testCases.MouseHoverTest" name="mouseHover1" time="0.0">
    <ignored/>
  </testcase> <!-- mouseHover1 -->
  <testcase classname="testCases.JavaScriptAlertsTest" name="JsAlerts" time="0.0">
    <ignored/>
  </testcase> <!-- JsAlerts -->
  <testcase classname="testCases.CheckBoxesTest" name="checkBox" time="0.0">
    <ignored/>
  </testcase> <!-- checkBox -->
  <testcase classname="testCases.FileUploadTest" name="fileUpload" time="0.0">
    <ignored/>
  </testcase> <!-- fileUpload -->
  <testcase classname="testCases.JavaScriptAlertsTest" name="confirmAlerts" time="0.0">
    <ignored/>
  </testcase> <!-- confirmAlerts -->
  <testcase classname="testCases.DragAndDropTest" name="dragAndDrop" time="0.0">
    <ignored/>
  </testcase> <!-- dragAndDrop -->
  <testcase classname="testCases.FloatingMenuTest" name="floatingMenu" time="0.0">
    <ignored/>
  </testcase> <!-- floatingMenu -->
  <testcase classname="testCases.LoginTest" name="failedLogin" time="0.0">
    <ignored/>
  </testcase> <!-- failedLogin -->
  <testcase classname="testCases.DynamicLoadingTest" name="dynamicLoading" time="0.0">
    <ignored/>
  </testcase> <!-- dynamicLoading -->
  <testcase classname="testCases.NotificationMessageTest" name="notificationMsg" time="0.0">
    <ignored/>
  </testcase> <!-- notificationMsg -->
  <testcase classname="testCases.JavaScriptAlertsTest" name="promptAlerts" time="0.0">
    <ignored/>
  </testcase> <!-- promptAlerts -->
  <testcase classname="testCases.OpeningNewTabTest" name="opinNewTab" time="0.0">
    <ignored/>
  </testcase> <!-- opinNewTab -->
  <testcase classname="testCases.FileDownloadTest" name="fileDownload" time="0.0">
    <ignored/>
  </testcase> <!-- fileDownload -->
  <testcase classname="testCases.IframeTest" name="iFrame" time="0.0">
    <ignored/>
  </testcase> <!-- iFrame -->
  <testcase classname="testCases.LoginTest" name="sucessLogin" time="0.0">
    <ignored/>
  </testcase> <!-- sucessLogin -->
</testsuite> <!-- Test -->
